2022-11-29T20:33:31+00:00 INFO Array
(
    [Webhook Delivery] => Array
        (
            [Delivery ID] => 6d65888fb3be3991c19ced2a98310b0d
            [Date] => Nov 29, 2022 @ 20:33
            [URL] => https://connect.pabbly.com/workflow/sendwebhookdata/IjEyMTE0MCI_3D
            [Duration] => 0.97094
            [Request] => Array
                (
                    [Method] => POST
                    [Headers] => Array
                        (
                            [User-Agent] => WooCommerce/5.5.4 Hookshot (WordPress/6.1.1)
                            [Content-Type] => application/json
                            [X-WC-Webhook-Source] => https://gladiolusbd.com/
                            [X-WC-Webhook-Topic] => order.created
                            [X-WC-Webhook-Resource] => order
                            [X-WC-Webhook-Event] => created
                            [X-WC-Webhook-Signature] => znNiWcd9gD0fjXaGQSDNMemyGeraSti2t5qFCiotzLg=
                            [X-WC-Webhook-ID] => 1
                            [X-WC-Webhook-Delivery-ID] => 6d65888fb3be3991c19ced2a98310b0d
                        )

                )

            [Body] => Webhook body is not logged unless WP_DEBUG mode is turned on. This is to avoid the storing of personal data in the logs.
            [Response] => Array
                (
                    [Code] => 200
                    [Message] => OK
                    [Headers] => Requests_Utility_CaseInsensitiveDictionary Object
                        (
                            [data:protected] => Array
                                (
                                    [date] => Tue, 29 Nov 2022 20:33:31 GMT
                                    [content-type] => text/html; charset=UTF-8
                                    [set-cookie] => ci_connect_pabbly_sesion=s5q082ur3f1r943vb9a8qpe3ghc1a5el; expires=Tue, 29-Nov-2022 22:33:30 GMT; Max-Age=7200; path=/; HttpOnly
                                    [expires] => Thu, 19 Nov 1981 08:52:00 GMT
                                    [cache-control] => no-store, no-cache, must-revalidate
                                    [pragma] => no-cache
                                    [access-control-allow-origin] => *
                                    [access-control-allow-methods] => PUT, GET, POST, DELETE
                                    [access-control-allow-headers] => Content-Type, Content-Range, Content-Disposition, Content-Description
                                    [strict-transport-security] => max-age=31536000
                                    [x-frame-options] => SAMEORIGIN
                                    [x-content-type-options] => nosniff
                                    [x-xss-protection] => 1; mode=block
                                    [cf-cache-status] => DYNAMIC
                                    [report-to] => {"endpoints":[{"url":"https:\/\/a.nel.cloudflare.com\/report\/v3?s=sZHreY7zu3t%2BX3TBMBjlCMjxgp%2FyzatCabKZRLMZDsJFyRj5uYjzscviDJpJohSzRbsZTw56FDaJiln6eqZi1ypkNUBDqpaPJaEX9seFEpvVrTGkYeam21zWcajZJ3d3tt82aw%3D%3D"}],"group":"cf-nel","max_age":604800}
                                    [nel] => {"success_fraction":0,"report_to":"cf-nel","max_age":604800}
                                    [server] => cloudflare
                                    [cf-ray] => 771e1e67e96346b5-SIN
                                    [content-encoding] => gzip
                                )

                        )

                    [Body] => Webhook body is not logged unless WP_DEBUG mode is turned on. This is to avoid the storing of personal data in the logs.
                )

        )

)

